# JRE version: OpenJDK Runtime Environment Corretto-17.0.6.10.1 (17.0.6+10) (build 17.0.6+10-LTS)
# Java VM: OpenJDK 64-Bit Server VM Corretto-17.0.6.10.1 (17.0.6+10-LTS, mixed mode, sharing, tiered, compressed oops, compressed class ptrs, g1 gc, bsd-amd64)
GC Precious Log:
 CPUs: 4 total, 4 available
 Memory: 8192M
 Large Page Support: Disabled
 NUMA Support: Disabled
 Compressed Oops: Enabled (Zero based)
 Heap Region Size: 1M
 Heap Min Capacity: 256M
 Heap Initial Capacity: 256M
 Heap Max Capacity: 512M
 Pre-touch: Disabled
 Parallel Workers: 4
 Concurrent Workers: 1
 Concurrent Refinement Workers: 4
 Periodic GC: Disabled
Heap:
 garbage-first heap   total 414720K, used 353719K [0x00000007e0000000, 0x0000000800000000)
  region size 1024K, 165 young (168960K), 13 survivors (13312K)
 Metaspace       used 91228K, committed 91968K, reserved 294912K
  class space    used 11967K, committed 12288K, reserved 212992K
GC Heap History (20 events):
Event: 2328.748 GC heap after
{Heap after GC invocations=70 (full 0):
 garbage-first heap   total 389120K, used 197215K [0x00000007e0000000, 0x0000000800000000)
  region size 1024K, 2 young (2048K), 2 survivors (2048K)
 Metaspace       used 89970K, committed 90880K, reserved 294912K
  class space    used 11855K, committed 12288K, reserved 212992K
}
Event: 2330.178 GC heap before
{Heap before GC invocations=70 (full 0):
 garbage-first heap   total 389120K, used 327263K [0x00000007e0000000, 0x0000000800000000)
  region size 1024K, 130 young (133120K), 2 survivors (2048K)
 Metaspace       used 89983K, committed 90880K, reserved 294912K
  class space    used 11856K, committed 12288K, reserved 212992K
}
Event: 2330.191 GC heap after
{Heap after GC invocations=71 (full 0):
 garbage-first heap   total 389120K, used 201267K [0x00000007e0000000, 0x0000000800000000)
  region size 1024K, 6 young (6144K), 6 survivors (6144K)
 Metaspace       used 89983K, committed 90880K, reserved 294912K
  class space    used 11856K, committed 12288K, reserved 212992K
}
Event: 2331.794 GC heap before
{Heap before GC invocations=72 (full 0):
 garbage-first heap   total 414720K, used 325171K [0x00000007e0000000, 0x0000000800000000)
  region size 1024K, 128 young (131072K), 6 survivors (6144K)
 Metaspace       used 88655K, committed 90048K, reserved 294912K
  class space    used 11692K, committed 12224K, reserved 212992K
}
Event: 2331.806 GC heap after
{Heap after GC invocations=73 (full 0):
 garbage-first heap   total 414720K, used 203176K [0x00000007e0000000, 0x0000000800000000)
  region size 1024K, 8 young (8192K), 8 survivors (8192K)
 Metaspace       used 88655K, committed 90048K, reserved 294912K
  class space    used 11692K, committed 12224K, reserved 212992K
}
Event: 2331.959 GC heap before
{Heap before GC invocations=73 (full 0):
 garbage-first heap   total 414720K, used 215464K [0x00000007e0000000, 0x0000000800000000)
  region size 1024K, 20 young (20480K), 8 survivors (8192K)
 Metaspace       used 88655K, committed 90048K, reserved 294912K
  class space    used 11692K, committed 12224K, reserved 212992K
}
Event: 2331.984 GC heap after
{Heap after GC invocations=74 (full 0):
 garbage-first heap   total 414720K, used 201058K [0x00000007e0000000, 0x0000000800000000)
  region size 1024K, 2 young (2048K), 2 survivors (2048K)
 Metaspace       used 88655K, committed 90048K, reserved 294912K
  class space    used 11692K, committed 12224K, reserved 212992K
}
Event: 2333.834 GC heap before
{Heap before GC invocations=74 (full 0):
 garbage-first heap   total 414720K, used 351586K [0x00000007e0000000, 0x0000000800000000)
  region size 1024K, 149 young (152576K), 2 survivors (2048K)
 Metaspace       used 88655K, committed 90048K, reserved 294912K
  class space    used 11692K, committed 12224K, reserved 212992K
}
Event: 2333.844 GC heap after
{Heap after GC invocations=75 (full 0):
 garbage-first heap   total 414720K, used 204377K [0x00000007e0000000, 0x0000000800000000)
  region size 1024K, 5 young (5120K), 5 survivors (5120K)
 Metaspace       used 88655K, committed 90048K, reserved 294912K
  class space    used 11692K, committed 12224K, reserved 212992K
}
Event: 6452.659 GC heap before
{Heap before GC invocations=76 (full 0):
 garbage-first heap   total 414720K, used 351833K [0x00000007e0000000, 0x0000000800000000)
  region size 1024K, 150 young (153600K), 5 survivors (5120K)
 Metaspace       used 89529K, committed 90368K, reserved 294912K
  class space    used 11833K, committed 12224K, reserved 212992K
}
Event: 6453.058 GC heap after
{Heap after GC invocations=77 (full 0):
 garbage-first heap   total 414720K, used 206050K [0x00000007e0000000, 0x0000000800000000)
  region size 1024K, 7 young (7168K), 7 survivors (7168K)
 Metaspace       used 89529K, committed 90368K, reserved 294912K
  class space    used 11833K, committed 12224K, reserved 212992K
}
Event: 7132.022 GC heap before
{Heap before GC invocations=77 (full 0):
 garbage-first heap   total 414720K, used 219362K [0x00000007e0000000, 0x0000000800000000)
  region size 1024K, 20 young (20480K), 7 survivors (7168K)
 Metaspace       used 89529K, committed 90368K, reserved 294912K
  class space    used 11833K, committed 12224K, reserved 212992K
}
Event: 7132.205 GC heap after
{Heap after GC invocations=78 (full 0):
 garbage-first heap   total 414720K, used 202681K [0x00000007e0000000, 0x0000000800000000)
  region size 1024K, 1 young (1024K), 1 survivors (1024K)
 Metaspace       used 89529K, committed 90368K, reserved 294912K
  class space    used 11833K, committed 12224K, reserved 212992K
}
Event: 11542.805 GC heap before
{Heap before GC invocations=78 (full 0):
 garbage-first heap   total 414720K, used 353209K [0x00000007e0000000, 0x0000000800000000)
  region size 1024K, 149 young (152576K), 1 survivors (1024K)
 Metaspace       used 89976K, committed 90880K, reserved 294912K
  class space    used 11876K, committed 12288K, reserved 212992K
}
Event: 11542.837 GC heap after
{Heap after GC invocations=79 (full 0):
 garbage-first heap   total 414720K, used 205093K [0x00000007e0000000, 0x0000000800000000)
  region size 1024K, 4 young (4096K), 4 survivors (4096K)
 Metaspace       used 89976K, committed 90880K, reserved 294912K
  class space    used 11876K, committed 12288K, reserved 212992K
}
Event: 11619.989 GC heap before
{Heap before GC invocations=80 (full 0):
 garbage-first heap   total 414720K, used 353565K [0x00000007e0000000, 0x0000000800000000)
  region size 1024K, 150 young (153600K), 4 survivors (4096K)
 Metaspace       used 89496K, committed 90304K, reserved 294912K
  class space    used 11776K, committed 12224K, reserved 212992K
}
Event: 11620.007 GC heap after
{Heap after GC invocations=81 (full 0):
 garbage-first heap   total 414720K, used 205238K [0x00000007e0000000, 0x0000000800000000)
  region size 1024K, 4 young (4096K), 4 survivors (4096K)
 Metaspace       used 89496K, committed 90304K, reserved 294912K
  class space    used 11776K, committed 12224K, reserved 212992K
}
Event: 11620.705 GC heap before
{Heap before GC invocations=81 (full 0):
 garbage-first heap   total 414720K, used 220598K [0x00000007e0000000, 0x0000000800000000)
  region size 1024K, 20 young (20480K), 4 survivors (4096K)
 Metaspace       used 89685K, committed 90496K, reserved 294912K
  class space    used 11802K, committed 12224K, reserved 212992K
}
Event: 11620.791 GC heap after
{Heap after GC invocations=82 (full 0):
 garbage-first heap   total 414720K, used 198071K [0x00000007e0000000, 0x0000000800000000)
  region size 1024K, 3 young (3072K), 3 survivors (3072K)
 Metaspace       used 89685K, committed 90496K, reserved 294912K
  class space    used 11802K, committed 12224K, reserved 212992K
}
Event: 11622.301 GC heap before
{Heap before GC invocations=82 (full 0):
 garbage-first heap   total 414720K, used 352695K [0x00000007e0000000, 0x0000000800000000)
  region size 1024K, 155 young (158720K), 3 survivors (3072K)
 Metaspace       used 91228K, committed 91968K, reserved 294912K
  class space    used 11967K, committed 12288K, reserved 212992K
}

