# JRE version: OpenJDK Runtime Environment Corretto-17.0.6.10.1 (17.0.6+10) (build 17.0.6+10-LTS)
# Java VM: OpenJDK 64-Bit Server VM Corretto-17.0.6.10.1 (17.0.6+10-LTS, mixed mode, sharing, tiered, compressed oops, compressed class ptrs, g1 gc, bsd-amd64)
GC Precious Log:
 CPUs: 4 total, 4 available
 Memory: 8192M
 Large Page Support: Disabled
 NUMA Support: Disabled
 Compressed Oops: Enabled (Zero based)
 Heap Region Size: 1M
 Heap Min Capacity: 256M
 Heap Initial Capacity: 256M
 Heap Max Capacity: 512M
 Pre-touch: Disabled
 Parallel Workers: 4
 Concurrent Workers: 1
 Concurrent Refinement Workers: 4
 Periodic GC: Disabled
Heap:
 garbage-first heap   total 262144K, used 63083K [0x00000007e0000000, 0x0000000800000000)
  region size 1024K, 25 young (25600K), 12 survivors (12288K)
 Metaspace       used 57811K, committed 58368K, reserved 270336K
  class space    used 8124K, committed 8320K, reserved 212992K
GC Heap History (20 events):
Event: 0.456 GC heap before
{Heap before GC invocations=0 (full 0):
 garbage-first heap   total 264192K, used 13268K [0x00000007e0000000, 0x0000000800000000)
  region size 1024K, 13 young (13312K), 0 survivors (0K)
 Metaspace       used 922K, committed 1088K, reserved 221184K
  class space    used 75K, committed 128K, reserved 212992K
}
Event: 0.460 GC heap after
{Heap after GC invocations=1 (full 0):
 garbage-first heap   total 264192K, used 4809K [0x00000007e0000000, 0x0000000800000000)
  region size 1024K, 2 young (2048K), 2 survivors (2048K)
 Metaspace       used 922K, committed 1088K, reserved 221184K
  class space    used 75K, committed 128K, reserved 212992K
}
Event: 1.015 GC heap before
{Heap before GC invocations=1 (full 0):
 garbage-first heap   total 264192K, used 24265K [0x00000007e0000000, 0x0000000800000000)
  region size 1024K, 19 young (19456K), 2 survivors (2048K)
 Metaspace       used 3778K, committed 3968K, reserved 221184K
  class space    used 481K, committed 576K, reserved 212992K
}
Event: 1.021 GC heap after
{Heap after GC invocations=2 (full 0):
 garbage-first heap   total 264192K, used 9896K [0x00000007e0000000, 0x0000000800000000)
  region size 1024K, 3 young (3072K), 3 survivors (3072K)
 Metaspace       used 3778K, committed 3968K, reserved 221184K
  class space    used 481K, committed 576K, reserved 212992K
}
Event: 1.301 GC heap before
{Heap before GC invocations=2 (full 0):
 garbage-first heap   total 264192K, used 35496K [0x00000007e0000000, 0x0000000800000000)
  region size 1024K, 27 young (27648K), 3 survivors (3072K)
 Metaspace       used 3992K, committed 4224K, reserved 221184K
  class space    used 509K, committed 640K, reserved 212992K
}
Event: 1.306 GC heap after
{Heap after GC invocations=3 (full 0):
 garbage-first heap   total 264192K, used 14553K [0x00000007e0000000, 0x0000000800000000)
  region size 1024K, 4 young (4096K), 4 survivors (4096K)
 Metaspace       used 3992K, committed 4224K, reserved 221184K
  class space    used 509K, committed 640K, reserved 212992K
}
Event: 3.968 GC heap before
{Heap before GC invocations=3 (full 0):
 garbage-first heap   total 264192K, used 110809K [0x00000007e0000000, 0x0000000800000000)
  region size 1024K, 99 young (101376K), 4 survivors (4096K)
 Metaspace       used 21249K, committed 21504K, reserved 237568K
  class space    used 3241K, committed 3392K, reserved 212992K
}
Event: 3.987 GC heap after
{Heap after GC invocations=4 (full 0):
 garbage-first heap   total 264192K, used 20638K [0x00000007e0000000, 0x0000000800000000)
  region size 1024K, 10 young (10240K), 10 survivors (10240K)
 Metaspace       used 21249K, committed 21504K, reserved 237568K
  class space    used 3241K, committed 3392K, reserved 212992K
}
Event: 6.017 GC heap before
{Heap before GC invocations=5 (full 0):
 garbage-first heap   total 262144K, used 124062K [0x00000007e0000000, 0x0000000800000000)
  region size 1024K, 109 young (111616K), 10 survivors (10240K)
 Metaspace       used 35777K, committed 36096K, reserved 245760K
  class space    used 5031K, committed 5184K, reserved 212992K
}
Event: 6.050 GC heap after
{Heap after GC invocations=6 (full 0):
 garbage-first heap   total 262144K, used 29701K [0x00000007e0000000, 0x0000000800000000)
  region size 1024K, 15 young (15360K), 15 survivors (15360K)
 Metaspace       used 35777K, committed 36096K, reserved 245760K
  class space    used 5031K, committed 5184K, reserved 212992K
}
Event: 6.078 GC heap before
{Heap before GC invocations=6 (full 0):
 garbage-first heap   total 262144K, used 30725K [0x00000007e0000000, 0x0000000800000000)
  region size 1024K, 16 young (16384K), 15 survivors (15360K)
 Metaspace       used 35897K, committed 36288K, reserved 245760K
  class space    used 5053K, committed 5248K, reserved 212992K
}
Event: 6.103 GC heap after
{Heap after GC invocations=7 (full 0):
 garbage-first heap   total 262144K, used 30886K [0x00000007e0000000, 0x0000000800000000)
  region size 1024K, 2 young (2048K), 2 survivors (2048K)
 Metaspace       used 35897K, committed 36288K, reserved 245760K
  class space    used 5053K, committed 5248K, reserved 212992K
}
Event: 6.132 GC heap before
{Heap before GC invocations=7 (full 0):
 garbage-first heap   total 262144K, used 31910K [0x00000007e0000000, 0x0000000800000000)
  region size 1024K, 4 young (4096K), 2 survivors (2048K)
 Metaspace       used 36086K, committed 36416K, reserved 245760K
  class space    used 5080K, committed 5248K, reserved 212992K
}
Event: 6.134 GC heap after
{Heap after GC invocations=8 (full 0):
 garbage-first heap   total 262144K, used 29453K [0x00000007e0000000, 0x0000000800000000)
  region size 1024K, 1 young (1024K), 1 survivors (1024K)
 Metaspace       used 36086K, committed 36416K, reserved 245760K
  class space    used 5080K, committed 5248K, reserved 212992K
}
Event: 11.115 GC heap before
{Heap before GC invocations=9 (full 0):
 garbage-first heap   total 262144K, used 185101K [0x00000007e0000000, 0x0000000800000000)
  region size 1024K, 153 young (156672K), 1 survivors (1024K)
 Metaspace       used 47074K, committed 47616K, reserved 253952K
  class space    used 6786K, committed 7040K, reserved 212992K
}
Event: 11.145 GC heap after
{Heap after GC invocations=10 (full 0):
 garbage-first heap   total 262144K, used 40036K [0x00000007e0000000, 0x0000000800000000)
  region size 1024K, 11 young (11264K), 11 survivors (11264K)
 Metaspace       used 47074K, committed 47616K, reserved 253952K
  class space    used 6786K, committed 7040K, reserved 212992K
}
Event: 11.197 GC heap before
{Heap before GC invocations=10 (full 0):
 garbage-first heap   total 262144K, used 40036K [0x00000007e0000000, 0x0000000800000000)
  region size 1024K, 12 young (12288K), 11 survivors (11264K)
 Metaspace       used 47081K, committed 47616K, reserved 253952K
  class space    used 6786K, committed 7040K, reserved 212992K
}
Event: 11.221 GC heap after
{Heap after GC invocations=11 (full 0):
 garbage-first heap   total 262144K, used 40769K [0x00000007e0000000, 0x0000000800000000)
  region size 1024K, 1 young (1024K), 1 survivors (1024K)
 Metaspace       used 47081K, committed 47616K, reserved 253952K
  class space    used 6786K, committed 7040K, reserved 212992K
}
Event: 13.985 GC heap before
{Heap before GC invocations=11 (full 0):
 garbage-first heap   total 262144K, used 195393K [0x00000007e0000000, 0x0000000800000000)
  region size 1024K, 153 young (156672K), 1 survivors (1024K)
 Metaspace       used 57000K, committed 57536K, reserved 270336K
  class space    used 8036K, committed 8256K, reserved 212992K
}
Event: 14.002 GC heap after
{Heap after GC invocations=12 (full 0):
 garbage-first heap   total 262144K, used 51819K [0x00000007e0000000, 0x0000000800000000)
  region size 1024K, 12 young (12288K), 12 survivors (12288K)
 Metaspace       used 57000K, committed 57536K, reserved 270336K
  class space    used 8036K, committed 8256K, reserved 212992K
}

